number,value,datetime_start,datetime_complete,duration,params_colsample_bytree,params_learning_rate,params_max_depth,params_min_child_weight,params_reg_alpha,params_reg_lambda,params_subsample,user_attrs_mae_std,state
0,0.4373373412908121,2026-06-12 14:21:20.330807,2026-06-12 14:21:32.729072,0 days 00:00:12.398265,0.40921304830970556,0.015355286838886862,10,17.524101118128137,0.004207053950287938,0.0017073967431528124,0.7993292420985183,0.041945014525999955,COMPLETE
1,0.43579525236041894,2026-06-12 14:21:32.729140,2026-06-12 14:21:41.602098,0 days 00:00:08.872958,0.978936896513396,0.06697167353375243,7,15.958573588141263,2.1368329072358767,0.0070689749506246055,0.5102922471479012,0.04292528516812486,COMPLETE
2,0.4385138206160283,2026-06-12 14:21:41.602160,2026-06-12 14:21:45.907690,0 days 00:00:04.305530,0.602361513049481,0.008620446097910767,4,3.2877474139911183,0.014618962793704957,0.2801635158716261,0.762378215816119,0.041240377924946656,COMPLETE
3,0.43853397452748066,2026-06-12 14:21:45.907756,2026-06-12 14:21:52.031171,0 days 00:00:06.123415,0.8496231729751094,0.007593739613361234,5,4.192159350410974,0.006290644294586149,0.11400863701127326,0.728034992108518,0.041010691005095294,COMPLETE
4,0.43733437401064357,2026-06-12 14:21:52.031232,2026-06-12 14:21:55.143860,0 days 00:00:03.112628,0.3455361150896956,0.029493012052163467,3,10.769622478263129,6.245139574743075,7.2866537374910445,0.5852620618436457,0.04189528737445071,COMPLETE
5,0.4406113645697237,2026-06-12 14:21:55.143915,2026-06-12 14:22:00.613187,0 days 00:00:05.469272,0.6081067456177209,0.05632733481673016,5,1.4653521030672134,0.003077180271250686,0.09565499215943825,0.8421165132560784,0.04229246631061976,COMPLETE
6,0.4392840442416922,2026-06-12 14:22:00.613242,2026-06-12 14:22:30.618018,0 days 00:00:30.004776,0.5181977532625877,0.005542561258655853,10,2.752069685079053,0.12030178871154672,0.1537592023548176,0.831261142176991,0.041485364699681435,COMPLETE
7,0.43694508885290684,2026-06-12 14:22:30.618076,2026-06-12 14:22:49.223313,0 days 00:00:18.605237,0.9263791452993542,0.008699037355645861,10,20.74566765675251,0.24637685958997463,4.869640941520899,0.9697494707820946,0.041685112201078,COMPLETE
8,0.4384882691615209,2026-06-12 14:22:49.223366,2026-06-12 14:22:53.956901,0 days 00:00:04.733535,0.5720741027826374,0.006517805612564439,4,1.1935477742481382,0.01217295809836997,2.0651425578959257,0.6626651653816322,0.04174670915206345,COMPLETE
9,0.43720087125255,2026-06-12 14:22:53.956951,2026-06-12 14:23:00.051977,0 days 00:00:06.095026,0.8615378865278278,0.014558505116213708,5,8.356499023325524,0.0019870215385428634,8.862326508576253,0.5704621124873813,0.042062581653618626,COMPLETE
10,0.43685512491071543,2026-06-12 14:23:00.052049,2026-06-12 14:23:05.387885,0 days 00:00:05.335836,0.74049099957092,0.09131267625429393,8,44.38277669999273,4.2722748162267905,0.001154460820484616,0.5089809378074099,0.043449730407655096,COMPLETE
11,0.43629497907029036,2026-06-12 14:23:05.387974,2026-06-12 14:23:10.390328,0 days 00:00:05.002354,0.753433151294781,0.0943657273822236,8,49.50669358661749,7.348768942543027,0.001301403184002157,0.5043736834843053,0.04348148520460776,COMPLETE
12,0.43689274558959346,2026-06-12 14:23:10.390380,2026-06-12 14:23:15.489254,0 days 00:00:05.098874,0.7402868250459769,0.09848952190069446,7,48.92927449434446,1.5761601791098236,0.007491669000770292,0.5021093106319138,0.04353390975202684,COMPLETE
13,0.4365452955938148,2026-06-12 14:23:15.489305,2026-06-12 14:23:23.302826,0 days 00:00:07.813521,0.9865941327389726,0.05325540598952087,8,27.198916688145665,1.0069133176461065,0.008101324842116018,0.6031222069400222,0.04322444961824932,COMPLETE
14,0.4380468643536616,2026-06-12 14:23:23.302888,2026-06-12 14:23:31.663545,0 days 00:00:08.360657,0.745687149534823,0.05512165782471644,7,9.95844846668743,9.689539551791016,0.007827713931752803,0.6636704158559581,0.043571332482048815,COMPLETE
15,0.4361020890787503,2026-06-12 14:23:31.663605,2026-06-12 14:23:39.172319,0 days 00:00:07.508714,0.9972118925528495,0.0344913192799388,8,30.327388688544517,0.7524651406735388,0.01906254201668452,0.5411415252974014,0.042803943532898084,COMPLETE
16,0.4380369703799395,2026-06-12 14:23:39.172377,2026-06-12 14:23:47.551048,0 days 00:00:08.378671,0.9988959877957934,0.030170454140296527,7,15.301123716441968,0.24958601468497651,0.03132642408656101,0.6384146932004084,0.04052137660229557,COMPLETE
17,0.43601013033056457,2026-06-12 14:23:47.551105,2026-06-12 14:23:55.181890,0 days 00:00:07.630785,0.8746781267345505,0.0340553900090262,9,29.247424985020302,1.030272916685292,0.027416891723395332,0.5707921208261757,0.04320294109098406,COMPLETE
18,0.4392288718931711,2026-06-12 14:23:55.181949,2026-06-12 14:24:11.267538,0 days 00:00:16.085589,0.8505528679825107,0.019816006226011432,9,6.483531118353444,0.08363938008226596,0.46359907122990196,0.6965757402667888,0.04141431904410713,COMPLETE
19,0.4357605047549372,2026-06-12 14:24:11.267603,2026-06-12 14:24:17.481904,0 days 00:00:06.214301,0.9028452471479332,0.04328209858315591,6,28.632167015765365,1.9153672229419496,0.03482571918359621,0.602211890999746,0.04351227131584161,COMPLETE
20,0.4369118520251596,2026-06-12 14:24:17.481959,2026-06-12 14:24:24.783745,0 days 00:00:07.301786,0.9212461955139286,0.06909535441917881,6,14.995610715221678,1.794809749900485,0.004174031266850418,0.6195826939533324,0.043180763729992896,COMPLETE
21,0.43614619241524333,2026-06-12 14:24:24.783800,2026-06-12 14:24:30.467494,0 days 00:00:05.683694,0.9054590777339296,0.039111147874891845,6,28.02860618237002,0.5054077897898046,0.0401665888311854,0.5586859860660179,0.04336639173557781,COMPLETE
22,0.43675655498960897,2026-06-12 14:24:30.467551,2026-06-12 14:24:37.842776,0 days 00:00:07.375225,0.8043921023761917,0.04288082951875058,9,31.769916459587975,2.893762536700273,0.02008182353875389,0.5422913385442649,0.04397709714665851,COMPLETE
23,0.4371908509725346,2026-06-12 14:24:37.842829,2026-06-12 14:24:44.598339,0 days 00:00:06.755510,0.9324562313235663,0.02358663345305834,6,21.340486968205568,0.4217986690524153,0.05705472525049422,0.6009562940491122,0.04252698488380162,COMPLETE
24,0.4381329980709719,2026-06-12 14:24:44.598411,2026-06-12 14:24:57.983179,0 days 00:00:13.384768,0.7996214866408824,0.047919390964464306,9,12.336343801264434,2.4539580141165453,0.016290915023846865,0.6461014980097761,0.04177121858344592,COMPLETE
25,0.44190036716321346,2026-06-12 14:24:57.983231,2026-06-12 14:25:06.237399,0 days 00:00:08.254168,0.6752328584908359,0.06732863547103927,7,6.283495538108387,0.055203501664116195,0.0025362665753114457,0.5469743616160561,0.04287341948420257,COMPLETE
26,0.43749489481260495,2026-06-12 14:25:06.237451,2026-06-12 14:25:12.121398,0 days 00:00:05.883947,0.8866301440590824,0.07540922333234777,6,36.036731581708935,0.8146108958096034,0.9735323727668419,0.9987349142404867,0.042001738686395666,COMPLETE
27,0.43668336470235614,2026-06-12 14:25:12.121465,2026-06-12 14:25:21.770969,0 days 00:00:09.649504,0.8081131262030662,0.027889814139273363,9,23.090241217301582,1.4602782198496052,0.0038212810235734693,0.6981582031556057,0.043382751561176464,COMPLETE
28,0.4355896288328992,2026-06-12 14:25:21.771021,2026-06-12 14:25:28.945312,0 days 00:00:07.174291,0.9475416029274422,0.019969249482584925,7,36.00736708880544,3.160132603186253,0.06347165879081819,0.5804711806778007,0.04210660176082622,COMPLETE
29,0.43622046586908664,2026-06-12 14:25:28.945366,2026-06-12 14:25:40.589835,0 days 00:00:11.644469,0.9550688862130723,0.012359700498308718,7,13.884119264319898,3.537362005314262,0.05767344855922659,0.6201602098440852,0.041795529593840315,COMPLETE
30,0.4378236934872687,2026-06-12 14:25:40.589894,2026-06-12 14:25:47.467291,0 days 00:00:06.877397,0.9538786293932877,0.020936186328751282,6,18.999366079530297,0.001002417059933003,0.012198238838468222,0.9220227524181638,0.04174795270932282,COMPLETE
31,0.43664183240303345,2026-06-12 14:25:47.467346,2026-06-12 14:25:54.447203,0 days 00:00:06.979857,0.8639018360653727,0.035346925809572036,8,37.86311969074227,3.7886222070524718,0.23062482486249122,0.5835307261913176,0.04317594495045202,COMPLETE
32,0.4361878833569146,2026-06-12 14:25:54.447265,2026-06-12 14:25:59.742652,0 days 00:00:05.295387,0.8915991333969158,0.017269541806875434,5,25.997531974864327,1.2039882394312251,0.06272970468465786,0.5295716509674251,0.04309132994512781,COMPLETE
33,0.43711443265889266,2026-06-12 14:25:59.742713,2026-06-12 14:26:03.811923,0 days 00:00:04.069210,0.9543815269686143,0.024894676182987005,4,17.658688072800658,0.5136936959972433,0.029462884442182622,0.5676913639924035,0.04175193905519144,COMPLETE
34,0.43626278356945825,2026-06-12 14:26:03.811983,2026-06-12 14:26:12.153465,0 days 00:00:08.341482,0.8147623006714872,0.012611948006353832,7,36.74040622820456,5.429384436047877,0.3853730288033222,0.6940071263598886,0.04288703125710193,COMPLETE
35,0.4381341127219033,2026-06-12 14:26:12.153517,2026-06-12 14:26:15.314243,0 days 00:00:03.160726,0.8807548992655033,0.04333358477769162,3,23.722462979234347,2.0168566802277765,0.10104478717765711,0.7357558357182638,0.04339874371044066,COMPLETE
36,0.4362728306613963,2026-06-12 14:26:15.314322,2026-06-12 14:26:19.563576,0 days 00:00:04.249254,0.34996211604635596,0.06202017905274167,5,37.25026513384306,0.3413545936551389,0.17770009575202367,0.5963837635495047,0.04292420151096954,COMPLETE
37,0.43768262730729335,2026-06-12 14:26:19.563629,2026-06-12 14:26:25.730617,0 days 00:00:06.166988,0.8362245384191125,0.08069654585223418,6,17.25812876372591,0.7368217847151107,0.011788835841035565,0.5275349543975157,0.043757168568629386,COMPLETE
38,0.4378264554235682,2026-06-12 14:26:25.730669,2026-06-12 14:26:41.471741,0 days 00:00:15.741072,0.9523248317120949,0.032212792938592014,10,9.850672852444841,0.20826962262429738,0.08403791607653802,0.6227579789902475,0.041863813407665214,COMPLETE
39,0.439539934927045,2026-06-12 14:26:41.471797,2026-06-12 14:26:57.323099,0 days 00:00:15.851302,0.6905033663490011,0.00963898534099741,8,3.148560536633166,0.03395608874310284,0.004190661629856907,0.8004492118250909,0.04164400611253709,COMPLETE
40,0.4379817289059864,2026-06-12 14:26:57.323152,2026-06-12 14:27:08.489749,0 days 00:00:11.166597,0.47046018813514034,0.047986423760937855,9,7.269914207460462,6.190238474596345,0.03624807973227003,0.5743521810370981,0.042965357742478005,COMPLETE
41,0.4353682056856603,2026-06-12 14:27:08.489808,2026-06-12 14:27:15.625126,0 days 00:00:07.135318,0.994369525754274,0.03463677191429444,8,29.819635996002347,0.7531016327435782,0.021227186234532958,0.5325965609939705,0.04331430555429716,COMPLETE
42,0.4366587054526863,2026-06-12 14:27:15.625185,2026-06-12 14:27:21.322421,0 days 00:00:05.697236,0.9737246614598847,0.03862985724150345,7,41.61024998241826,2.204114020394856,0.023992578945256936,0.5328138554444939,0.043011736160680034,COMPLETE
43,0.4355585234731529,2026-06-12 14:27:21.322481,2026-06-12 14:27:28.771967,0 days 00:00:07.449486,0.9229956073762915,0.026413698410366247,8,31.35884645839432,1.0851537479069369,0.130284226012202,0.5601714989351141,0.04223688420448926,COMPLETE
44,0.43690695915017275,2026-06-12 14:27:28.772023,2026-06-12 14:27:35.607914,0 days 00:00:06.835891,0.9182573321668752,0.026455680677047087,8,33.26281123425779,0.14366142617352173,0.13423228170545526,0.5044245785929722,0.04255321537270238,COMPLETE
45,0.4370433841559869,2026-06-12 14:27:35.607966,2026-06-12 14:27:51.162576,0 days 00:00:15.554610,0.935497935225225,0.021511370991773894,7,1.6527464600552992,4.233661315757243,0.2700369615624506,0.6644094880923849,0.04326898433157982,COMPLETE
46,0.4361087362522243,2026-06-12 14:27:51.162631,2026-06-12 14:28:00.477683,0 days 00:00:09.315052,0.9723281861013674,0.017707744547141246,8,21.332210456235984,1.2714125808228915,0.7694105251882264,0.5212015197443293,0.04251488767854845,COMPLETE
47,0.4360967922914304,2026-06-12 14:28:00.477740,2026-06-12 14:28:06.335974,0 days 00:00:05.858234,0.9028718395795415,0.058615333802262734,7,47.31285108767229,0.6292734465420319,0.012389502523945503,0.5592995933969488,0.04371525766584308,COMPLETE
48,0.4371701913658921,2026-06-12 14:28:06.336034,2026-06-12 14:28:14.872360,0 days 00:00:08.536326,0.997098858662546,0.04891585498221177,8,25.811663468746563,9.925462672455065,0.0486785905358461,0.5888199125946467,0.044167958718821225,COMPLETE
49,0.4371003146960719,2026-06-12 14:28:14.872413,2026-06-12 14:28:20.907978,0 days 00:00:06.035565,0.7725963788846987,0.015916756786452473,6,41.82766880108724,0.31766212351722306,0.08656212678210282,0.6426773401418271,0.042813463485849974,COMPLETE
50,0.43609312586711085,2026-06-12 14:28:20.908030,2026-06-12 14:28:31.561176,0 days 00:00:10.653146,0.8468942445950293,0.028816375540593457,7,16.274786522329485,5.315936180336186,0.00767910458331487,0.6077046023411706,0.04329612826143096,COMPLETE
51,0.43592021609036535,2026-06-12 14:28:31.561230,2026-06-12 14:28:39.322864,0 days 00:00:07.761634,0.8828753771376101,0.03375131573921078,9,30.189417291450127,1.1568430081831214,0.02539295467006799,0.5604467782160407,0.04266551068721418,COMPLETE
52,0.4362512751139197,2026-06-12 14:28:39.322934,2026-06-12 14:28:47.268852,0 days 00:00:07.945918,0.9161677698434395,0.023125977532157043,8,31.08377210222781,2.7750826638220416,0.0054117733614572295,0.5508975359358279,0.04287327293030781,COMPLETE
53,0.4382158387943287,2026-06-12 14:28:47.268927,2026-06-12 14:29:00.772826,0 days 00:00:13.503899,0.9713632461343759,0.031028330611711334,10,12.394470706516131,1.6655471759899747,0.002033298130088473,0.5215000887362627,0.04232966339891902,COMPLETE
54,0.43734671534358743,2026-06-12 14:29:00.772902,2026-06-12 14:29:10.688619,0 days 00:00:09.915717,0.9387907179070507,0.037671244960255444,9,20.44653738722143,0.9641227399374165,0.01568803552576965,0.5830533408844788,0.04190008507222878,COMPLETE
55,0.4368376538583048,2026-06-12 14:29:10.688672,2026-06-12 14:29:18.601762,0 days 00:00:07.913090,0.8345214841789874,0.04254221402583527,8,25.01079876686427,2.8310902014843413,0.07395143987259499,0.5485345520282326,0.04354742821324625,COMPLETE
56,0.4384628910472067,2026-06-12 14:29:18.601828,2026-06-12 14:29:39.178600,0 days 00:00:20.576772,0.9046810479915038,0.019030196873410968,9,4.822822747112011,1.2815319640966716,0.03939089249716459,0.5052199149710715,0.04161211054442659,COMPLETE
57,0.4361498094211077,2026-06-12 14:29:39.178661,2026-06-12 14:29:46.131263,0 days 00:00:06.952602,0.9988360885770265,0.026148036258730863,7,30.518614114165366,0.6179797567841737,0.13281881939474707,0.5625751694979999,0.04328645704160754,COMPLETE
58,0.43708895812472426,2026-06-12 14:29:46.131324,2026-06-12 14:29:52.314307,0 days 00:00:06.182983,0.8704049007190563,0.08313262450359224,8,44.184266865815076,1.8750042989499585,0.20436600426863707,0.6080778826734246,0.04339128215505157,COMPLETE
59,0.4365207471724605,2026-06-12 14:29:52.314362,2026-06-12 14:29:58.155585,0 days 00:00:05.841223,0.7754816347386531,0.032710996723617755,6,49.880658859485166,7.444198474017348,0.023297105444650638,0.6290776768203472,0.04340003828163905,COMPLETE
60,0.43635992713842936,2026-06-12 14:29:58.155641,2026-06-12 14:30:14.704776,0 days 00:00:16.549135,0.9771301821957727,0.00549130016939126,9,27.708028340292152,0.9244814771682438,3.8402598920130386,0.897002232506768,0.04191770774929135,COMPLETE
61,0.43574440463921393,2026-06-12 14:30:14.704829,2026-06-12 14:30:21.946126,0 days 00:00:07.241297,0.8758688988731889,0.03606291886337545,9,34.18744921173428,0.41866003122380824,0.047459640615421954,0.5776900481441739,0.04163167194898466,COMPLETE
62,0.4369158896281601,2026-06-12 14:30:21.946189,2026-06-12 14:30:29.224160,0 days 00:00:07.277971,0.9312463614217854,0.0527711295274623,10,39.58447664043869,0.386991557614908,0.04645847528048494,0.5785370955378966,0.04285791991589577,COMPLETE
63,0.43624432981204747,2026-06-12 14:30:29.224224,2026-06-12 14:30:36.760543,0 days 00:00:07.536319,0.8848200292241498,0.03580641074195246,9,33.61643411143455,0.552595484312981,0.009981420130108196,0.5396519421862873,0.043018924527827455,COMPLETE
64,0.4381193870375884,2026-06-12 14:30:36.760603,2026-06-12 14:30:45.764206,0 days 00:00:09.003603,0.9596107730401602,0.0438839414489163,9,19.729589627205545,0.1900322240245848,0.017065105162582687,0.5190352697105605,0.042896379172756065,COMPLETE
65,0.4355233906555466,2026-06-12 14:30:45.764266,2026-06-12 14:30:55.464363,0 days 00:00:09.700097,0.8550154631475512,0.02870350191669709,8,23.826259133491803,3.4516431303331565,0.03593355032396933,0.5952128663463557,0.04402532588167122,COMPLETE
66,0.4357451858711194,2026-06-12 14:30:55.464427,2026-06-12 14:31:04.926881,0 days 00:00:09.462454,0.851806732565769,0.022501638043601783,8,24.2173609888594,3.3841307615421705,0.0625844311455333,0.6050435404748806,0.042776042102010456,COMPLETE
67,0.4363416157825881,2026-06-12 14:31:04.926939,2026-06-12 14:31:14.944472,0 days 00:00:10.017533,0.8187698577906506,0.02273161778317246,8,23.328443743023143,3.462571655852603,0.10196109464679971,0.6600367819019447,0.04174102445745167,COMPLETE
68,0.4353511304157621,2026-06-12 14:31:14.944526,2026-06-12 14:31:23.412988,0 days 00:00:08.468462,0.7078755907385725,0.014255776230691193,8,34.82980311280324,7.300066583778102,0.06289472765835125,0.5985179407833968,0.0435349860770495,COMPLETE
69,0.4355995702800633,2026-06-12 14:31:23.413043,2026-06-12 14:31:31.978901,0 days 00:00:08.565858,0.7122348278661337,0.012883877646970009,8,34.69182982608312,7.573724932568306,0.0674206019512921,0.5935709321357427,0.04372502468309821,COMPLETE
70,0.4363706535359652,2026-06-12 14:31:31.978956,2026-06-12 14:31:40.893671,0 days 00:00:08.914715,0.7003768656107884,0.014127142126768544,8,33.68013588724827,8.86434076556274,0.3848377929029421,0.6309074054534191,0.0434850755530281,COMPLETE
71,0.4362786628714974,2026-06-12 14:31:40.893726,2026-06-12 14:31:49.321673,0 days 00:00:08.427947,0.6158128359823726,0.011989264872160052,8,36.25684016953948,5.001379477200461,0.06806825117208273,0.5951957932508539,0.04325779371855157,COMPLETE
72,0.4364962117885772,2026-06-12 14:31:49.321739,2026-06-12 14:31:59.011493,0 days 00:00:09.689754,0.6433092317646268,0.013858936340779716,8,27.63016096602068,4.249838308064072,0.05486281391801726,0.6131274375565761,0.043043409668494265,COMPLETE
73,0.4367248756873029,2026-06-12 14:31:59.011546,2026-06-12 14:32:10.029159,0 days 00:00:11.017613,0.5681196509830377,0.01010656241261635,8,22.90242479846107,7.311290082931247,0.15102055784242396,0.648733592182876,0.04326976450823732,COMPLETE
74,0.4356482871688644,2026-06-12 14:32:10.029220,2026-06-12 14:32:16.881138,0 days 00:00:06.851918,0.7253048800138753,0.017028392691395507,8,43.90035562950906,3.1118950787532436,0.033698251812731596,0.5699780574383984,0.04293130382231434,COMPLETE
75,0.43585072526953195,2026-06-12 14:32:16.881196,2026-06-12 14:32:23.197413,0 days 00:00:06.316217,0.7276185590265365,0.01643015499273714,7,41.641319572715105,2.343178913072144,0.03358287966921082,0.5749197742200286,0.04252983672413602,COMPLETE
76,0.43543354366846126,2026-06-12 14:32:23.197465,2026-06-12 14:32:30.879683,0 days 00:00:07.682218,0.7187943403411209,0.010811609054717739,8,45.224834876951014,7.063345544606989,0.11239990345261194,0.5927116371724883,0.04372090481121629,COMPLETE
77,0.4351724237168667,2026-06-12 14:32:30.879739,2026-06-12 14:32:38.534134,0 days 00:00:07.654395,0.7121664825226076,0.01149070971227759,8,44.66958203871956,7.275871995577819,0.11356118184648713,0.5935538578790258,0.044064846750883895,COMPLETE
78,0.43566646325876474,2026-06-12 14:32:38.534188,2026-06-12 14:32:46.604370,0 days 00:00:08.070182,0.6966739955311098,0.010436663194674525,7,39.06953873812289,7.8561927303504895,0.10424416267895062,0.5933412687063994,0.04336730667349748,COMPLETE
79,0.43588715408582734,2026-06-12 14:32:46.604426,2026-06-12 14:32:56.461629,0 days 00:00:09.857203,0.6563360600960861,0.007148814459688615,8,47.52988240076879,6.314132689160271,0.19129450298344042,0.6868631792066684,0.0431450438507632,COMPLETE
